Detecting CXX compiler ABI info failed to compile with the following output:
Change Dir: /Users/christian/GIT/opencv/clean/build/iPhoneSimulator-i386/CMakeFiles/CMakeTmp

Run Build Command:/usr/local/Cellar/cmake/2.8.12.2/bin/cmakexbuild -project CMAKE_TRY_COMPILE.xcodeproj build -target cmTryCompileExec3127233878 -configuration Debug
=== BUILD TARGET cmTryCompileExec3127233878 OF PROJECT CMAKE_TRY_COMPILE WITH CONFIGURATION Debug ===

Check dependencies
target specifies product type 'com.apple.product-type.tool', but there's no such product type for the 'iphonesimulator' platform

** BUILD FAILED **


The following build commands failed:
	Check dependencies
(1 failure)



Detecting C compiler ABI info failed to compile with the following output:
Change Dir: /Users/christian/GIT/opencv/clean/build/iPhoneSimulator-i386/CMakeFiles/CMakeTmp

Run Build Command:/usr/local/Cellar/cmake/2.8.12.2/bin/cmakexbuild -project CMAKE_TRY_COMPILE.xcodeproj build -target cmTryCompileExec1556069715 -configuration Debug
=== BUILD TARGET cmTryCompileExec1556069715 OF PROJECT CMAKE_TRY_COMPILE WITH CONFIGURATION Debug ===

Check dependencies
target specifies product type 'com.apple.product-type.tool', but there's no such product type for the 'iphonesimulator' platform

** BUILD FAILED **


The following build commands failed:
	Check dependencies
(1 failure)



